<?xml version="1.0" encoding="UTF-8"?>
<testng-results ignored="0" total="1" passed="1" failed="0" skipped="0">
  <reporter-output>
  </reporter-output>
  <suite started-at="2021-09-22T15:29:10 IST" name="Default suite" finished-at="2021-09-22T15:29:43 IST" duration-ms="33083">
    <groups>
      <group name="RegressionSuite">
        <method signature="TC19_CreateOpportunitiesWithSalesStageNegotionTest.CreateOpportunitiesWithSalesStageIDTest()[pri:0, instance:com.crm.vtiger.contact.test.TC19_CreateOpportunitiesWithSalesStageNegotionTest@6c1a5b54]" name="CreateOpportunitiesWithSalesStageIDTest" class="com.crm.vtiger.contact.test.TC19_CreateOpportunitiesWithSalesStageNegotionTest"/>
      </group> <!-- RegressionSuite -->
    </groups>
    <test started-at="2021-09-22T15:29:10 IST" name="Default test" finished-at="2021-09-22T15:29:43 IST" duration-ms="33083">
      <class name="com.crm.vtiger.contact.test.TC19_CreateOpportunitiesWithSalesStageNegotionTest">
        <test-method is-config="true" signature="connectDB()[pri:0, instance:com.crm.vtiger.contact.test.TC19_CreateOpportunitiesWithSalesStageNegotionTest@6c1a5b54]" started-at="2021-09-22T15:29:10 IST" name="connectDB" finished-at="2021-09-22T15:29:10 IST" duration-ms="11" status="PASS">
          <reporter-output>
          </reporter-output>
        </test-method> <!-- connectDB -->
        <test-method is-config="true" signature="launchBrowser()[pri:0, instance:com.crm.vtiger.contact.test.TC19_CreateOpportunitiesWithSalesStageNegotionTest@6c1a5b54]" started-at="2021-09-22T15:29:10 IST" name="launchBrowser" finished-at="2021-09-22T15:29:19 IST" duration-ms="8834" status="PASS">
          <reporter-output>
          </reporter-output>
        </test-method> <!-- launchBrowser -->
        <test-method is-config="true" signature="loginToAPP()[pri:0, instance:com.crm.vtiger.contact.test.TC19_CreateOpportunitiesWithSalesStageNegotionTest@6c1a5b54]" started-at="2021-09-22T15:29:19 IST" name="loginToAPP" finished-at="2021-09-22T15:29:23 IST" duration-ms="3655" status="PASS">
          <reporter-output>
          </reporter-output>
        </test-method> <!-- loginToAPP -->
        <test-method signature="CreateOpportunitiesWithSalesStageIDTest()[pri:0, instance:com.crm.vtiger.contact.test.TC19_CreateOpportunitiesWithSalesStageNegotionTest@6c1a5b54]" started-at="2021-09-22T15:29:23 IST" name="CreateOpportunitiesWithSalesStageIDTest" finished-at="2021-09-22T15:29:38 IST" duration-ms="15119" status="PASS">
          <reporter-output>
          </reporter-output>
        </test-method> <!-- CreateOpportunitiesWithSalesStageIDTest -->
        <test-method is-config="true" signature="logOutApp()[pri:0, instance:com.crm.vtiger.contact.test.TC19_CreateOpportunitiesWithSalesStageNegotionTest@6c1a5b54]" started-at="2021-09-22T15:29:38 IST" name="logOutApp" finished-at="2021-09-22T15:29:42 IST" duration-ms="4205" status="PASS">
          <reporter-output>
          </reporter-output>
        </test-method> <!-- logOutApp -->
        <test-method is-config="true" signature="closeBrowser()[pri:0, instance:com.crm.vtiger.contact.test.TC19_CreateOpportunitiesWithSalesStageNegotionTest@6c1a5b54]" started-at="2021-09-22T15:29:42 IST" name="closeBrowser" finished-at="2021-09-22T15:29:43 IST" duration-ms="1196" status="PASS">
          <reporter-output>
          </reporter-output>
        </test-method> <!-- closeBrowser -->
        <test-method is-config="true" signature="closeDB()[pri:0, instance:com.crm.vtiger.contact.test.TC19_CreateOpportunitiesWithSalesStageNegotionTest@6c1a5b54]" started-at="2021-09-22T15:29:43 IST" name="closeDB" finished-at="2021-09-22T15:29:43 IST" duration-ms="0" status="PASS">
          <reporter-output>
          </reporter-output>
        </test-method> <!-- closeDB -->
      </class> <!-- com.crm.vtiger.contact.test.TC19_CreateOpportunitiesWithSalesStageNegotionTest -->
    </test> <!-- Default test -->
  </suite> <!-- Default suite -->
</testng-results>
