<?xml version="1.0" encoding="UTF-8"?>
<testng-results ignored="0" total="6" passed="6" failed="0" skipped="0">
  <reporter-output>
  </reporter-output>
  <suite started-at="2021-09-22T13:40:40 IST" name="Suite" finished-at="2021-09-22T13:40:40 IST" duration-ms="101">
    <groups>
    </groups>
    <test started-at="2021-09-22T13:40:40 IST" name="Test" finished-at="2021-09-22T13:40:40 IST" duration-ms="101">
      <class name="com.comcasttest.ContactTest">
        <test-method signature="createContactTest()[pri:0, instance:com.comcasttest.ContactTest@53976f5c]" started-at="2021-09-22T13:40:40 IST" name="createContactTest" finished-at="2021-09-22T13:40:40 IST" duration-ms="11" status="PASS">
          <reporter-output>
          </reporter-output>
        </test-method> <!-- createContactTest -->
        <test-method signature="createContactWithOrgTest()[pri:0, instance:com.comcasttest.ContactTest@53976f5c]" started-at="2021-09-22T13:40:40 IST" name="createContactWithOrgTest" finished-at="2021-09-22T13:40:40 IST" duration-ms="3" status="PASS">
          <reporter-output>
          </reporter-output>
        </test-method> <!-- createContactWithOrgTest -->
        <test-method signature="deleteContactTest()[pri:0, instance:com.comcasttest.ContactTest@53976f5c]" started-at="2021-09-22T13:40:40 IST" name="deleteContactTest" finished-at="2021-09-22T13:40:40 IST" duration-ms="3" status="PASS">
          <reporter-output>
          </reporter-output>
        </test-method> <!-- deleteContactTest -->
      </class> <!-- com.comcasttest.ContactTest -->
      <class name="com.comcast2.OrganizationTest">
        <test-method signature="createOrgTest()[pri:0, instance:com.comcast2.OrganizationTest@306f16f3]" started-at="2021-09-22T13:40:40 IST" name="createOrgTest" finished-at="2021-09-22T13:40:40 IST" duration-ms="3" status="PASS">
          <reporter-output>
          </reporter-output>
        </test-method> <!-- createOrgTest -->
        <test-method signature="createOrgWithContactTest()[pri:0, instance:com.comcast2.OrganizationTest@306f16f3]" started-at="2021-09-22T13:40:40 IST" name="createOrgWithContactTest" finished-at="2021-09-22T13:40:40 IST" duration-ms="3" status="PASS">
          <reporter-output>
          </reporter-output>
        </test-method> <!-- createOrgWithContactTest -->
        <test-method signature="deleteOrgtTest()[pri:0, instance:com.comcast2.OrganizationTest@306f16f3]" started-at="2021-09-22T13:40:40 IST" name="deleteOrgtTest" finished-at="2021-09-22T13:40:40 IST" duration-ms="2" status="PASS">
          <reporter-output>
          </reporter-output>
        </test-method> <!-- deleteOrgtTest -->
      </class> <!-- com.comcast2.OrganizationTest -->
    </test> <!-- Test -->
  </suite> <!-- Suite -->
</testng-results>
