<?xml version="1.0" encoding="UTF-8"?>
<!-- Generated by org.testng.reporters.JUnitXMLReporter -->
<testsuite ignored="2" hostname="DESKTOP-3HVV2AC" failures="0" tests="2" name="Testrunner_5" time="79.165" errors="0" timestamp="2021-09-15T12:04:05 IST">
  <testcase classname="com.crm.vtiger.contact.test.TC19_CreateOpportunitiesWithSalesStageNegotionTest" name="CreateOpportunitiesWithSalesStageIDTest" time="24.769"/>
  <testcase classname="com.crm.vtiger.contact.test.TC20_CreateOpportunitiesWithSalesStageClosedWonTest2" name="CreateOpportunitiesWithSalesStageIDTest" time="22.127"/>
  <testcase classname="com.vtiger.genericUtils.BaseClass" name="@AfterSuite closeDB" time="0.0">
    <ignored/>
  </testcase> <!-- @AfterSuite closeDB -->
  <testcase classname="com.vtiger.genericUtils.BaseClass" name="@BeforeSuite connectDB" time="0.0">
    <ignored/>
  </testcase> <!-- @BeforeSuite connectDB -->
</testsuite> <!-- Testrunner_5 -->
