<?xml version="1.0" encoding="UTF-8"?>
<!-- Generated by org.testng.reporters.JUnitXMLReporter -->
<testsuite ignored="4" hostname="DESKTOP-3HVV2AC" failures="0" tests="3" name="Testrunner_1" time="103.159" errors="0" timestamp="2021-09-15T12:04:29 IST">
  <testcase classname="com.crm.vtiger.contact.test.TC16_CreateOpportunitiesWithSalesStageIDTest" name="CreateOpportunitiesWithSalesStageIDTest" time="22.227"/>
  <testcase classname="com.crm.vtiger.contact.test.TC17_CreateOpportunitiesWithSalesStagePerceptionAnalysisTest" name="CreateOpportunitiesWithSalesStageIDTest" time="20.501"/>
  <testcase classname="com.crm.vtiger.contact.test.TC18_CreateOpportunitiesWithSalesStageProposalTest" name="CreateOpportunitiesWithSalesStageIDTest" time="12.831"/>
  <testcase classname="com.vtiger.genericUtils.BaseClass" name="@AfterSuite closeDB" time="0.0">
    <ignored/>
  </testcase> <!-- @AfterSuite closeDB -->
  <testcase classname="com.vtiger.genericUtils.BaseClass" name="@AfterSuite closeDB" time="0.0">
    <ignored/>
  </testcase> <!-- @AfterSuite closeDB -->
  <testcase classname="com.vtiger.genericUtils.BaseClass" name="@BeforeSuite connectDB" time="0.0">
    <ignored/>
  </testcase> <!-- @BeforeSuite connectDB -->
  <testcase classname="com.vtiger.genericUtils.BaseClass" name="@BeforeSuite connectDB" time="0.0">
    <ignored/>
  </testcase> <!-- @BeforeSuite connectDB -->
</testsuite> <!-- Testrunner_1 -->
