<?xml version="1.0" encoding="UTF-8"?>
<!-- Generated by org.testng.reporters.JUnitXMLReporter -->
<testsuite ignored="0" hostname="DESKTOP-3HVV2AC" failures="0" tests="3" name="Default test" time="0.081" errors="0" timestamp="2021-09-21T17:58:46 IST">
  <testcase classname="com.comcasttest.ContactTest" name="createContactTest" time="0.012"/>
  <testcase classname="com.comcasttest.ContactTest" name="createContactWithOrgTest" time="0.004"/>
  <testcase classname="com.comcasttest.ContactTest" name="deleteContactTest" time="0.003"/>
</testsuite> <!-- Default test -->
