<?xml version="1.0" encoding="UTF-8"?>
<!-- Generated by org.testng.reporters.JUnitXMLReporter -->
<testsuite ignored="0" hostname="DESKTOP-3HVV2AC" failures="0" tests="6" name="Test" time="0.101" errors="0" timestamp="2021-09-22T13:40:40 IST">
  <testcase classname="com.comcasttest.ContactTest" name="createContactTest" time="0.011"/>
  <testcase classname="com.comcasttest.ContactTest" name="createContactWithOrgTest" time="0.003"/>
  <testcase classname="com.comcasttest.ContactTest" name="deleteContactTest" time="0.003"/>
  <testcase classname="com.comcast2.OrganizationTest" name="createOrgTest" time="0.003"/>
  <testcase classname="com.comcast2.OrganizationTest" name="createOrgWithContactTest" time="0.003"/>
  <testcase classname="com.comcast2.OrganizationTest" name="deleteOrgtTest" time="0.002"/>
</testsuite> <!-- Test -->
